GROUP,PACKAGE,CLASS,INSTRUCTION_MISSED,INSTRUCTION_COVERED,BRANCH_MISSED,BRANCH_COVERED,LINE_MISSED,LINE_COVERED,COMPLEXITY_MISSED,COMPLEXITY_COVERED,METHOD_MISSED,METHOD_COVERED
modules,gatekeepler.modules.services,ModulesReadRequestsService,1,264,1,13,0,67,1,9,0,3
modules,gatekeepler.modules.services,StandardResponseService.Builder,0,59,0,0,0,20,0,9,0,9
modules,gatekeepler.modules.services,StandardResponseService,0,55,0,8,0,11,0,5,0,1
modules,gatekeepler.modules.services,ModulesReadOneRequestService,1,268,0,8,0,57,0,7,0,2
modules,gatekeepler.modules.services,ModulesCancelRequestService,1,137,0,4,0,36,0,4,0,2
modules,gatekeepler.modules.services,ModulesReadModuleService,0,155,0,4,0,43,0,5,0,3
modules,gatekeepler.modules.services,ModulesRenewRequestService,5,290,0,12,0,73,0,10,0,4
modules,gatekeepler.modules.services,ModulesUtilsService,0,177,0,2,0,45,0,5,0,4
modules,gatekeepler.modules.services,ModulesCreateRequestService,4,311,0,20,0,82,0,15,0,5
